<?xml version="1.0" encoding="UTF-8"?>
<coverage generated="1585356814734" clover="3.2.0">
  <project timestamp="1585356814734" name="All files">
    <metrics statements="25" coveredstatements="22" conditionals="2" coveredconditionals="2" methods="11" coveredmethods="8" elements="38" coveredelements="32" complexity="0" loc="25" ncloc="25" packages="6" files="7" classes="7"/>
    <package name="components.card-reservation">
      <metrics statements="4" coveredstatements="4" conditionals="0" coveredconditionals="0" methods="2" coveredmethods="2"/>
      <file name="card-reservation.component.ts" path="/Users/miguelchauca/workSpace/TEST/angular-miguel/src/app/components/card-reservation/card-reservation.component.ts">
        <metrics statements="4" coveredstatements="4" conditionals="0" coveredconditionals="0" methods="2" coveredmethods="2"/>
        <line num="1" count="1" type="stmt"/>
        <line num="8" count="1" type="stmt"/>
        <line num="9" count="5" type="stmt"/>
        <line num="18" count="2" type="stmt"/>
      </file>
    </package>
    <package name="components.detail-product">
      <metrics statements="3" coveredstatements="3" conditionals="0" coveredconditionals="0" methods="1" coveredmethods="1"/>
      <file name="detail-product.component.ts" path="/Users/miguelchauca/workSpace/TEST/angular-miguel/src/app/components/detail-product/detail-product.component.ts">
        <metrics statements="3" coveredstatements="3" conditionals="0" coveredconditionals="0" methods="1" coveredmethods="1"/>
        <line num="1" count="1" type="stmt"/>
        <line num="8" count="1" type="stmt"/>
        <line num="9" count="3" type="stmt"/>
      </file>
    </package>
    <package name="components.icon-text">
      <metrics statements="2" coveredstatements="2" conditionals="0" coveredconditionals="0" methods="2" coveredmethods="2"/>
      <file name="icon-text.component.ts" path="/Users/miguelchauca/workSpace/TEST/angular-miguel/src/app/components/icon-text/icon-text.component.ts">
        <metrics statements="2" coveredstatements="2" conditionals="0" coveredconditionals="0" methods="2" coveredmethods="2"/>
        <line num="1" count="2" type="stmt"/>
        <line num="8" count="2" type="stmt"/>
      </file>
    </package>
    <package name="components.location-product">
      <metrics statements="3" coveredstatements="3" conditionals="0" coveredconditionals="0" methods="1" coveredmethods="1"/>
      <file name="location-product.component.ts" path="/Users/miguelchauca/workSpace/TEST/angular-miguel/src/app/components/location-product/location-product.component.ts">
        <metrics statements="3" coveredstatements="3" conditionals="0" coveredconditionals="0" methods="1" coveredmethods="1"/>
        <line num="1" count="1" type="stmt"/>
        <line num="8" count="1" type="stmt"/>
        <line num="9" count="3" type="stmt"/>
      </file>
    </package>
    <package name="components.status-reservation">
      <metrics statements="6" coveredstatements="6" conditionals="2" coveredconditionals="2" methods="2" coveredmethods="2"/>
      <file name="status-reservation.component.ts" path="/Users/miguelchauca/workSpace/TEST/angular-miguel/src/app/components/status-reservation/status-reservation.component.ts">
        <metrics statements="6" coveredstatements="6" conditionals="2" coveredconditionals="2" methods="2" coveredmethods="2"/>
        <line num="1" count="1" type="stmt"/>
        <line num="8" count="1" type="stmt"/>
        <line num="9" count="4" type="stmt"/>
        <line num="23" count="4" type="stmt"/>
        <line num="27" count="4" type="stmt"/>
        <line num="29" count="4" type="cond" truecount="2" falsecount="0"/>
      </file>
    </package>
    <package name="miguel.test-miguel">
      <metrics statements="7" coveredstatements="4" conditionals="0" coveredconditionals="0" methods="3" coveredmethods="0"/>
      <file name="test-miguel-service.ts" path="/Users/miguelchauca/workSpace/TEST/angular-miguel/src/app/miguel/test-miguel/test-miguel-service.ts">
        <metrics statements="3" coveredstatements="2" conditionals="0" coveredconditionals="0" methods="1" coveredmethods="0"/>
        <line num="1" count="1" type="stmt"/>
        <line num="4" count="1" type="stmt"/>
        <line num="6" count="0" type="stmt"/>
      </file>
      <file name="test-miguel.component.ts" path="/Users/miguelchauca/workSpace/TEST/angular-miguel/src/app/miguel/test-miguel/test-miguel.component.ts">
        <metrics statements="4" coveredstatements="2" conditionals="0" coveredconditionals="0" methods="2" coveredmethods="0"/>
        <line num="1" count="1" type="stmt"/>
        <line num="9" count="1" type="stmt"/>
        <line num="12" count="0" type="stmt"/>
        <line num="16" count="0" type="stmt"/>
      </file>
    </package>
  </project>
</coverage>
