{"/Users/miguelchauca/workSpace/TEST/angular-miguel/src/app/components/card-reservation/card-reservation.component.ts": {"path":"/Users/miguelchauca/workSpace/TEST/angular-miguel/src/app/components/card-reservation/card-reservation.component.ts","statementMap":{"0":{"start":{"line":1,"column":0},"end":{"line":1,"column":49}},"1":{"start":{"line":8,"column":0},"end":{"line":20,"column":null}},"2":{"start":{"line":9,"column":11},"end":{"line":16,"column":null}},"3":{"start":{"line":18,"column":4},"end":{"line":18,"column":22}},"4":{"start":{"line":8,"column":13},"end":{"line":20,"column":null}},"5":{"start":{"line":8,"column":13},"end":{"line":8,"column":37}}},"fnMap":{"0":{"name":"(anonymous_0)","decl":{"start":{"line":3,"column":0},"end":{"line":3,"column":1}},"loc":{"start":{"line":3,"column":0},"end":{"line":20,"column":1}}},"1":{"name":"(anonymous_1)","decl":{"start":{"line":17,"column":2},"end":{"line":17,"column":13}},"loc":{"start":{"line":17,"column":25},"end":{"line":19,"column":3}}}},"branchMap":{},"s":{"0":1,"1":1,"2":5,"3":2,"4":1,"5":1},"f":{"0":4,"1":2},"b":{}}
,"/Users/miguelchauca/workSpace/TEST/angular-miguel/src/app/components/detail-product/detail-product.component.ts": {"path":"/Users/miguelchauca/workSpace/TEST/angular-miguel/src/app/components/detail-product/detail-product.component.ts","statementMap":{"0":{"start":{"line":1,"column":0},"end":{"line":1,"column":49}},"1":{"start":{"line":8,"column":0},"end":{"line":13,"column":null}},"2":{"start":{"line":9,"column":11},"end":{"line":12,"column":null}},"3":{"start":{"line":8,"column":13},"end":{"line":13,"column":null}},"4":{"start":{"line":8,"column":13},"end":{"line":8,"column":35}}},"fnMap":{"0":{"name":"(anonymous_0)","decl":{"start":{"line":3,"column":0},"end":{"line":3,"column":1}},"loc":{"start":{"line":3,"column":0},"end":{"line":13,"column":1}}}},"branchMap":{},"s":{"0":1,"1":1,"2":3,"3":1,"4":1},"f":{"0":2},"b":{}}
,"/Users/miguelchauca/workSpace/TEST/angular-miguel/src/app/components/icon-text/icon-text.component.ts": {"path":"/Users/miguelchauca/workSpace/TEST/angular-miguel/src/app/components/icon-text/icon-text.component.ts","statementMap":{"0":{"start":{"line":1,"column":0},"end":{"line":1,"column":50}},"1":{"start":{"line":8,"column":0},"end":{"line":15,"column":null}},"2":{"start":{"line":8,"column":13},"end":{"line":15,"column":null}},"3":{"start":{"line":8,"column":13},"end":{"line":8,"column":30}}},"fnMap":{"0":{"name":"(anonymous_0)","decl":{"start":{"line":10,"column":2},"end":{"line":10,"column":18}},"loc":{"start":{"line":10,"column":2},"end":{"line":10,"column":19}}},"1":{"name":"(anonymous_1)","decl":{"start":{"line":12,"column":2},"end":{"line":12,"column":10}},"loc":{"start":{"line":12,"column":10},"end":{"line":13,"column":3}}}},"branchMap":{},"s":{"0":2,"1":2,"2":2,"3":2},"f":{"0":5,"1":5},"b":{}}
,"/Users/miguelchauca/workSpace/TEST/angular-miguel/src/app/components/location-product/location-product.component.ts": {"path":"/Users/miguelchauca/workSpace/TEST/angular-miguel/src/app/components/location-product/location-product.component.ts","statementMap":{"0":{"start":{"line":1,"column":0},"end":{"line":1,"column":57}},"1":{"start":{"line":8,"column":0},"end":{"line":13,"column":null}},"2":{"start":{"line":9,"column":11},"end":{"line":12,"column":null}},"3":{"start":{"line":8,"column":13},"end":{"line":13,"column":null}},"4":{"start":{"line":8,"column":13},"end":{"line":8,"column":37}}},"fnMap":{"0":{"name":"(anonymous_0)","decl":{"start":{"line":3,"column":0},"end":{"line":3,"column":1}},"loc":{"start":{"line":3,"column":0},"end":{"line":13,"column":1}}}},"branchMap":{},"s":{"0":1,"1":1,"2":3,"3":1,"4":1},"f":{"0":2},"b":{}}
,"/Users/miguelchauca/workSpace/TEST/angular-miguel/src/app/components/status-reservation/status-reservation.component.ts": {"path":"/Users/miguelchauca/workSpace/TEST/angular-miguel/src/app/components/status-reservation/status-reservation.component.ts","statementMap":{"0":{"start":{"line":1,"column":0},"end":{"line":1,"column":57}},"1":{"start":{"line":8,"column":0},"end":{"line":31,"column":null}},"2":{"start":{"line":9,"column":10},"end":{"line":22,"column":null}},"3":{"start":{"line":23,"column":2},"end":{"line":26,"column":4}},"4":{"start":{"line":27,"column":11},"end":{"line":27,"column":21}},"5":{"start":{"line":29,"column":4},"end":{"line":29,"column":68}},"6":{"start":{"line":27,"column":11},"end":{"line":27,"column":null}},"7":{"start":{"line":8,"column":13},"end":{"line":31,"column":null}},"8":{"start":{"line":8,"column":13},"end":{"line":8,"column":39}}},"fnMap":{"0":{"name":"(anonymous_0)","decl":{"start":{"line":3,"column":0},"end":{"line":3,"column":1}},"loc":{"start":{"line":3,"column":0},"end":{"line":31,"column":1}}},"1":{"name":"(anonymous_1)","decl":{"start":{"line":28,"column":2},"end":{"line":28,"column":10}},"loc":{"start":{"line":28,"column":10},"end":{"line":30,"column":3}}}},"branchMap":{"0":{"loc":{"start":{"line":29,"column":22},"end":{"line":29,"column":48}},"type":"binary-expr","locations":[{"start":{"line":29,"column":22},"end":{"line":29,"column":48}},{"start":{"line":29,"column":52},"end":{"line":29,"column":67}}]}},"s":{"0":1,"1":1,"2":4,"3":4,"4":4,"5":4,"6":1,"7":1,"8":1},"f":{"0":4,"1":4},"b":{"0":[4,1]}}
,"/Users/miguelchauca/workSpace/TEST/angular-miguel/src/app/miguel/test-miguel/test-miguel-service.ts": {"path":"/Users/miguelchauca/workSpace/TEST/angular-miguel/src/app/miguel/test-miguel/test-miguel-service.ts","statementMap":{"0":{"start":{"line":1,"column":0},"end":{"line":1,"column":43}},"1":{"start":{"line":4,"column":0},"end":{"line":8,"column":null}},"2":{"start":{"line":6,"column":8},"end":{"line":6,"column":24}},"3":{"start":{"line":4,"column":13},"end":{"line":8,"column":null}},"4":{"start":{"line":4,"column":13},"end":{"line":4,"column":26}}},"fnMap":{"0":{"name":"(anonymous_0)","decl":{"start":{"line":5,"column":4},"end":{"line":5,"column":11}},"loc":{"start":{"line":5,"column":11},"end":{"line":7,"column":5}}}},"branchMap":{},"s":{"0":1,"1":1,"2":0,"3":1,"4":1},"f":{"0":0},"b":{}}
,"/Users/miguelchauca/workSpace/TEST/angular-miguel/src/app/miguel/test-miguel/test-miguel.component.ts": {"path":"/Users/miguelchauca/workSpace/TEST/angular-miguel/src/app/miguel/test-miguel/test-miguel.component.ts","statementMap":{"0":{"start":{"line":1,"column":0},"end":{"line":1,"column":50}},"1":{"start":{"line":9,"column":0},"end":{"line":19,"column":null}},"2":{"start":{"line":12,"column":12},"end":{"line":12,"column":40}},"3":{"start":{"line":16,"column":4},"end":{"line":16,"column":46}},"4":{"start":{"line":9,"column":13},"end":{"line":19,"column":null}},"5":{"start":{"line":9,"column":13},"end":{"line":9,"column":32}}},"fnMap":{"0":{"name":"(anonymous_0)","decl":{"start":{"line":11,"column":2},"end":{"line":11,"column":null}},"loc":{"start":{"line":12,"column":40},"end":{"line":13,"column":7}}},"1":{"name":"(anonymous_1)","decl":{"start":{"line":15,"column":2},"end":{"line":15,"column":10}},"loc":{"start":{"line":15,"column":10},"end":{"line":17,"column":4}}}},"branchMap":{},"s":{"0":1,"1":1,"2":0,"3":0,"4":1,"5":1},"f":{"0":0,"1":0},"b":{}}
}
